<<<<<<< HEAD
<?xml version="1.0" encoding="UTF-8"?>
<!-- Generated by org.testng.reporters.JUnitReportReporter -->
<testsuite hostname="QPaaSICNV5586" failures="0" tests="1" name="Loginapp.positivetests" time="18.048" errors="0" timestamp="2023-09-25T03:20:06 PDT" skipped="0">
  <testcase classname="Loginapp.positivetests" name="Logintest" time="18.048"/>
</testsuite> <!-- Loginapp.positivetests -->
=======
<?xml version="1.0" encoding="UTF-8"?>
<!-- Generated by org.testng.reporters.JUnitReportReporter -->
<testsuite hostname="QPaaSICNV5586" failures="0" tests="1" name="Loginapp.positivetests" time="10.259" errors="0" timestamp="2023-09-14T02:44:41 PDT" skipped="0">
  <testcase classname="Loginapp.positivetests" name="Logintest" time="10.259"/>
</testsuite> <!-- Loginapp.positivetests -->
>>>>>>> 8a65af190090798eb3bc7c81a1c9b6f9f5ea6fe5
