<?xml version="1.0" encoding="UTF-8"?>
<!-- Generated by org.testng.reporters.JUnitReportReporter -->
<testsuite hostname="QPaaSICNV5586" failures="0" tests="1" name="Loginapp.positivetests" time="18.048" errors="0" timestamp="2023-09-25T03:20:06 PDT" skipped="0">
  <testcase classname="Loginapp.positivetests" name="Logintest" time="18.048"/>
</testsuite> <!-- Loginapp.positivetests -->
